<?xml version="1.0" encoding="UTF-8"?>
<testsuite name="com.packtpublishing.tddjava.ch04ship.ShipSpec" tests="1" skipped="0" failures="0" errors="0" timestamp="2020-03-06T10:05:52" hostname="mikkita-TM1701" time="0.003">
  <properties/>
  <testcase name="overpassSouthBoundary" classname="com.packtpublishing.tddjava.ch04ship.ShipSpec" time="0.003"/>
  <system-out><![CDATA[]]></system-out>
  <system-err><![CDATA[]]></system-err>
</testsuite>
